<?xml version="1.0" encoding="UTF-8"?>
<!-- Generated by org.testng.reporters.JUnitReportReporter -->
<testsuite hostname="LAPTOP-0SEFNBJ7" failures="0" tests="4" name="Project.WebsiteOpenTest" time="25.289" errors="0" timestamp="2022-04-24T12:59:10 IST" skipped="0">
  <testcase classname="Project.WebsiteOpenTest" name="WebsiteToOpen" time="18.459"/>
  <system-out/>
  <testcase classname="Project.WebsiteOpenTest" name="loginAuth" time="0.902"/>
  <system-out/>
  <testcase classname="Project.WebsiteOpenTest" name="loginAuth" time="1.787"/>
  <system-out/>
  <testcase classname="Project.WebsiteOpenTest" name="loginAuth" time="4.141"/>
  <system-out/>
</testsuite> <!-- Project.WebsiteOpenTest -->
